[debug] [2023-09-29T14:26:27.856Z] ----------------------------------------------------------------------
[debug] [2023-09-29T14:26:27.857Z] Command:       /Users/dan/.nvm/versions/node/v18.13.0/bin/node /Users/dan/.nvm/versions/node/v18.13.0/bin/firebase deploy
[debug] [2023-09-29T14:26:27.857Z] CLI Version:   12.4.8
[debug] [2023-09-29T14:26:27.857Z] Platform:      darwin
[debug] [2023-09-29T14:26:27.857Z] Node Version:  v18.13.0
[debug] [2023-09-29T14:26:27.858Z] Time:          Sat Sep 30 2023 00:26:27 GMT+1000 (Australian Eastern Standard Time)
[debug] [2023-09-29T14:26:27.858Z] ----------------------------------------------------------------------
[debug] 
[debug] [2023-09-29T14:26:27.895Z] > command requires scopes: ["email","openid","https://www.googleapis.com/auth/cloudplatformprojects.readonly","https://www.googleapis.com/auth/firebase","https://www.googleapis.com/auth/cloud-platform"]
[debug] [2023-09-29T14:26:27.895Z] > authorizing via signed-in user (dbryar@gmail.com)
[debug] [2023-09-29T14:26:27.897Z] [iam] checking project uni-mage for permissions ["cloudfunctions.functions.create","cloudfunctions.functions.delete","cloudfunctions.functions.get","cloudfunctions.functions.list","cloudfunctions.functions.update","cloudfunctions.operations.get","datastore.indexes.create","datastore.indexes.delete","datastore.indexes.list","datastore.indexes.update","firebase.projects.get","firebasehosting.sites.update","firebaserules.releases.create","firebaserules.releases.update","firebaserules.rulesets.create"]
[debug] [2023-09-29T14:26:27.898Z] > refreshing access token with scopes: []
[debug] [2023-09-29T14:26:27.899Z] >>> [apiv2][query] POST https://www.googleapis.com/oauth2/v3/token [none]
[debug] [2023-09-29T14:26:27.899Z] >>> [apiv2][body] POST https://www.googleapis.com/oauth2/v3/token [omitted]
[debug] [2023-09-29T14:26:28.279Z] <<< [apiv2][status] POST https://www.googleapis.com/oauth2/v3/token 200
[debug] [2023-09-29T14:26:28.279Z] <<< [apiv2][body] POST https://www.googleapis.com/oauth2/v3/token [omitted]
[debug] [2023-09-29T14:26:28.301Z] >>> [apiv2][query] POST https://cloudresourcemanager.googleapis.com/v1/projects/uni-mage:testIamPermissions [none]
[debug] [2023-09-29T14:26:28.301Z] >>> [apiv2][(partial)header] POST https://cloudresourcemanager.googleapis.com/v1/projects/uni-mage:testIamPermissions x-goog-quota-user=projects/uni-mage
[debug] [2023-09-29T14:26:28.301Z] >>> [apiv2][body] POST https://cloudresourcemanager.googleapis.com/v1/projects/uni-mage:testIamPermissions {"permissions":["cloudfunctions.functions.create","cloudfunctions.functions.delete","cloudfunctions.functions.get","cloudfunctions.functions.list","cloudfunctions.functions.update","cloudfunctions.operations.get","datastore.indexes.create","datastore.indexes.delete","datastore.indexes.list","datastore.indexes.update","firebase.projects.get","firebasehosting.sites.update","firebaserules.releases.create","firebaserules.releases.update","firebaserules.rulesets.create"]}
[debug] [2023-09-29T14:26:29.447Z] <<< [apiv2][status] POST https://cloudresourcemanager.googleapis.com/v1/projects/uni-mage:testIamPermissions 200
[debug] [2023-09-29T14:26:29.447Z] <<< [apiv2][body] POST https://cloudresourcemanager.googleapis.com/v1/projects/uni-mage:testIamPermissions {"permissions":["cloudfunctions.functions.create","cloudfunctions.functions.delete","cloudfunctions.functions.get","cloudfunctions.functions.list","cloudfunctions.functions.update","cloudfunctions.operations.get","datastore.indexes.create","datastore.indexes.delete","datastore.indexes.list","datastore.indexes.update","firebase.projects.get","firebasehosting.sites.update","firebaserules.releases.create","firebaserules.releases.update","firebaserules.rulesets.create"]}
[debug] [2023-09-29T14:26:29.447Z] >>> [apiv2][query] POST https://iam.googleapis.com/v1/projects/uni-mage/serviceAccounts/uni-mage@appspot.gserviceaccount.com:testIamPermissions [none]
[debug] [2023-09-29T14:26:29.447Z] >>> [apiv2][body] POST https://iam.googleapis.com/v1/projects/uni-mage/serviceAccounts/uni-mage@appspot.gserviceaccount.com:testIamPermissions {"permissions":["iam.serviceAccounts.actAs"]}
[debug] [2023-09-29T14:26:30.057Z] <<< [apiv2][status] POST https://iam.googleapis.com/v1/projects/uni-mage/serviceAccounts/uni-mage@appspot.gserviceaccount.com:testIamPermissions 200
[debug] [2023-09-29T14:26:30.057Z] <<< [apiv2][body] POST https://iam.googleapis.com/v1/projects/uni-mage/serviceAccounts/uni-mage@appspot.gserviceaccount.com:testIamPermissions {"permissions":["iam.serviceAccounts.actAs"]}
[debug] [2023-09-29T14:26:30.059Z] >>> [apiv2][query] GET https://firebase.googleapis.com/v1beta1/projects/uni-mage [none]
